<?xml version="1.0" encoding="UTF-8"?>
<!-- Generated by org.testng.reporters.JUnitReportReporter -->
<testsuite hostname="BEN-BLR-COM-082" failures="0" tests="1" name="endToEndTest1.EndToEndTest1" time="5.822" errors="0" timestamp="2022-12-24T13:44:25 IST" skipped="0">
  <testcase classname="endToEndTest1.EndToEndTest1" name="test" time="5.822"/>
  <system-out/>
</testsuite> <!-- endToEndTest1.EndToEndTest1 -->
