<?xml version="1.0" encoding="UTF-8"?>
<!-- Generated by org.testng.reporters.JUnitReportReporter -->
<testsuite skipped="0" hostname="BEN-BLR-COM-082" name="endToEndTest1.EndToEndTest1" tests="1" failures="0" timestamp="27 Dec 2022 14:51:46 GMT" time="28.754" errors="0">
  <testcase name="test" time="28.754" classname="endToEndTest1.EndToEndTest1"/>
</testsuite> <!-- endToEndTest1.EndToEndTest1 -->
